# JRE version: OpenJDK Runtime Environment Temurin-21.0.9+10 (21.0.9+10) (build 21.0.9+10-LTS)
# Java VM: OpenJDK 64-Bit Server VM Temurin-21.0.9+10 (21.0.9+10-LTS, mixed mode, sharing, tiered, compressed oops, compressed class ptrs, parallel gc, windows-amd64)
GC Precious Log:
 CardTable entry size: 512
 CPUs: 24 total, 24 available
 Memory: 31865M
 Large Page Support: Disabled
 NUMA Support: Disabled
 Compressed Oops: Enabled (32-bit)
 Alignments: Space 512K, Generation 512K, Heap 2M
 Heap Min Capacity: 100M
 Heap Initial Capacity: 100M
 Heap Max Capacity: 2G
 Pre-touch: Disabled
 Parallel Workers: 18
Heap:
 PSYoungGen      total 5120K, used 1728K [0x00000000d5580000, 0x00000000d5c00000, 0x0000000100000000)
  eden space 4608K, 26% used [0x00000000d5580000,0x00000000d56b5878,0x00000000d5a00000)
  from space 512K, 95% used [0x00000000d5b80000,0x00000000d5bfa968,0x00000000d5c00000)
  to   space 1024K, 0% used [0x00000000d5a00000,0x00000000d5a00000,0x00000000d5b00000)
 ParOldGen       total 163328K, used 162982K [0x0000000080000000, 0x0000000089f80000, 0x00000000d5580000)
  object space 163328K, 99% used [0x0000000080000000,0x0000000089f29850,0x0000000089f80000)
 Metaspace       used 63996K, committed 65408K, reserved 1114112K
  class space    used 6564K, committed 7168K, reserved 1048576K
GC Heap History (20 events):
Event: 34.674 GC heap before
{Heap before GC invocations=70 (full 3):
 PSYoungGen      total 5632K, used 5561K [0x00000000d5580000, 0x00000000d5d80000, 0x0000000100000000)
  eden space 4608K, 98% used [0x00000000d5580000,0x00000000d59f3998,0x00000000d5a00000)
  from space 1024K, 97% used [0x00000000d5b80000,0x00000000d5c7ad80,0x00000000d5c80000)
  to   space 1536K, 0% used [0x00000000d5a00000,0x00000000d5a00000,0x00000000d5b80000)
 ParOldGen       total 158720K, used 158515K [0x0000000080000000, 0x0000000089b00000, 0x00000000d5580000)
  object space 158720K, 99% used [0x0000000080000000,0x0000000089accc10,0x0000000089b00000)
 Metaspace       used 63653K, committed 65152K, reserved 1114112K
  class space    used 6546K, committed 7168K, reserved 1048576K
}
Event: 34.676 GC heap after
{Heap after GC invocations=70 (full 3):
 PSYoungGen      total 6144K, used 865K [0x00000000d5580000, 0x00000000d5d00000, 0x0000000100000000)
  eden space 4608K, 0% used [0x00000000d5580000,0x00000000d5580000,0x00000000d5a00000)
  from space 1536K, 56% used [0x00000000d5a00000,0x00000000d5ad84a0,0x00000000d5b80000)
  to   space 1536K, 0% used [0x00000000d5b80000,0x00000000d5b80000,0x00000000d5d00000)
 ParOldGen       total 159744K, used 159291K [0x0000000080000000, 0x0000000089c00000, 0x00000000d5580000)
  object space 159744K, 99% used [0x0000000080000000,0x0000000089b8ec00,0x0000000089c00000)
 Metaspace       used 63653K, committed 65152K, reserved 1114112K
  class space    used 6546K, committed 7168K, reserved 1048576K
}
Event: 34.917 GC heap before
{Heap before GC invocations=71 (full 3):
 PSYoungGen      total 6144K, used 5473K [0x00000000d5580000, 0x00000000d5d00000, 0x0000000100000000)
  eden space 4608K, 100% used [0x00000000d5580000,0x00000000d5a00000,0x00000000d5a00000)
  from space 1536K, 56% used [0x00000000d5a00000,0x00000000d5ad84a0,0x00000000d5b80000)
  to   space 1536K, 0% used [0x00000000d5b80000,0x00000000d5b80000,0x00000000d5d00000)
 ParOldGen       total 159744K, used 159291K [0x0000000080000000, 0x0000000089c00000, 0x00000000d5580000)
  object space 159744K, 99% used [0x0000000080000000,0x0000000089b8ec00,0x0000000089c00000)
 Metaspace       used 63676K, committed 65216K, reserved 1114112K
  class space    used 6546K, committed 7168K, reserved 1048576K
}
Event: 34.919 GC heap after
{Heap after GC invocations=71 (full 3):
 PSYoungGen      total 5632K, used 739K [0x00000000d5580000, 0x00000000d5c80000, 0x0000000100000000)
  eden space 4608K, 0% used [0x00000000d5580000,0x00000000d5580000,0x00000000d5a00000)
  from space 1024K, 72% used [0x00000000d5b80000,0x00000000d5c38dd8,0x00000000d5c80000)
  to   space 1024K, 0% used [0x00000000d5a80000,0x00000000d5a80000,0x00000000d5b80000)
 ParOldGen       total 159744K, used 159733K [0x0000000080000000, 0x0000000089c00000, 0x00000000d5580000)
  object space 159744K, 99% used [0x0000000080000000,0x0000000089bfd770,0x0000000089c00000)
 Metaspace       used 63676K, committed 65216K, reserved 1114112K
  class space    used 6546K, committed 7168K, reserved 1048576K
}
Event: 35.133 GC heap before
{Heap before GC invocations=72 (full 3):
 PSYoungGen      total 5632K, used 5337K [0x00000000d5580000, 0x00000000d5c80000, 0x0000000100000000)
  eden space 4608K, 99% used [0x00000000d5580000,0x00000000d59fd930,0x00000000d5a00000)
  from space 1024K, 72% used [0x00000000d5b80000,0x00000000d5c38dd8,0x00000000d5c80000)
  to   space 1024K, 0% used [0x00000000d5a80000,0x00000000d5a80000,0x00000000d5b80000)
 ParOldGen       total 159744K, used 159733K [0x0000000080000000, 0x0000000089c00000, 0x00000000d5580000)
  object space 159744K, 99% used [0x0000000080000000,0x0000000089bfd770,0x0000000089c00000)
 Metaspace       used 63701K, committed 65216K, reserved 1114112K
  class space    used 6546K, committed 7168K, reserved 1048576K
}
Event: 35.134 GC heap after
{Heap after GC invocations=72 (full 3):
 PSYoungGen      total 5632K, used 784K [0x00000000d5580000, 0x00000000d5c00000, 0x0000000100000000)
  eden space 4608K, 0% used [0x00000000d5580000,0x00000000d5580000,0x00000000d5a00000)
  from space 1024K, 76% used [0x00000000d5a80000,0x00000000d5b44188,0x00000000d5b80000)
  to   space 512K, 0% used [0x00000000d5b80000,0x00000000d5b80000,0x00000000d5c00000)
 ParOldGen       total 160256K, used 160097K [0x0000000080000000, 0x0000000089c80000, 0x00000000d5580000)
  object space 160256K, 99% used [0x0000000080000000,0x0000000089c586d8,0x0000000089c80000)
 Metaspace       used 63701K, committed 65216K, reserved 1114112K
  class space    used 6546K, committed 7168K, reserved 1048576K
}
Event: 35.344 GC heap before
{Heap before GC invocations=73 (full 3):
 PSYoungGen      total 5632K, used 5392K [0x00000000d5580000, 0x00000000d5c00000, 0x0000000100000000)
  eden space 4608K, 100% used [0x00000000d5580000,0x00000000d5a00000,0x00000000d5a00000)
  from space 1024K, 76% used [0x00000000d5a80000,0x00000000d5b44188,0x00000000d5b80000)
  to   space 512K, 0% used [0x00000000d5b80000,0x00000000d5b80000,0x00000000d5c00000)
 ParOldGen       total 160256K, used 160097K [0x0000000080000000, 0x0000000089c80000, 0x00000000d5580000)
  object space 160256K, 99% used [0x0000000080000000,0x0000000089c586d8,0x0000000089c80000)
 Metaspace       used 63707K, committed 65216K, reserved 1114112K
  class space    used 6546K, committed 7168K, reserved 1048576K
}
Event: 35.346 GC heap after
{Heap after GC invocations=73 (full 3):
 PSYoungGen      total 5120K, used 506K [0x00000000d5580000, 0x00000000d5d00000, 0x0000000100000000)
  eden space 4608K, 0% used [0x00000000d5580000,0x00000000d5580000,0x00000000d5a00000)
  from space 512K, 98% used [0x00000000d5b80000,0x00000000d5bfe9a0,0x00000000d5c00000)
  to   space 1536K, 0% used [0x00000000d5a00000,0x00000000d5a00000,0x00000000d5b80000)
 ParOldGen       total 161280K, used 160798K [0x0000000080000000, 0x0000000089d80000, 0x00000000d5580000)
  object space 161280K, 99% used [0x0000000080000000,0x0000000089d07a00,0x0000000089d80000)
 Metaspace       used 63707K, committed 65216K, reserved 1114112K
  class space    used 6546K, committed 7168K, reserved 1048576K
}
Event: 35.660 GC heap before
{Heap before GC invocations=74 (full 3):
 PSYoungGen      total 5120K, used 5114K [0x00000000d5580000, 0x00000000d5d00000, 0x0000000100000000)
  eden space 4608K, 100% used [0x00000000d5580000,0x00000000d5a00000,0x00000000d5a00000)
  from space 512K, 98% used [0x00000000d5b80000,0x00000000d5bfe9a0,0x00000000d5c00000)
  to   space 1536K, 0% used [0x00000000d5a00000,0x00000000d5a00000,0x00000000d5b80000)
 ParOldGen       total 161280K, used 160798K [0x0000000080000000, 0x0000000089d80000, 0x00000000d5580000)
  object space 161280K, 99% used [0x0000000080000000,0x0000000089d07a00,0x0000000089d80000)
 Metaspace       used 63727K, committed 65216K, reserved 1114112K
  class space    used 6547K, committed 7168K, reserved 1048576K
}
Event: 35.661 GC heap after
{Heap after GC invocations=74 (full 3):
 PSYoungGen      total 6144K, used 970K [0x00000000d5580000, 0x00000000d5d00000, 0x0000000100000000)
  eden space 4608K, 0% used [0x00000000d5580000,0x00000000d5580000,0x00000000d5a00000)
  from space 1536K, 63% used [0x00000000d5a00000,0x00000000d5af2a68,0x00000000d5b80000)
  to   space 1536K, 0% used [0x00000000d5b80000,0x00000000d5b80000,0x00000000d5d00000)
 ParOldGen       total 161792K, used 161280K [0x0000000080000000, 0x0000000089e00000, 0x00000000d5580000)
  object space 161792K, 99% used [0x0000000080000000,0x0000000089d803a0,0x0000000089e00000)
 Metaspace       used 63727K, committed 65216K, reserved 1114112K
  class space    used 6547K, committed 7168K, reserved 1048576K
}
Event: 35.773 GC heap before
{Heap before GC invocations=75 (full 3):
 PSYoungGen      total 6144K, used 5578K [0x00000000d5580000, 0x00000000d5d00000, 0x0000000100000000)
  eden space 4608K, 100% used [0x00000000d5580000,0x00000000d5a00000,0x00000000d5a00000)
  from space 1536K, 63% used [0x00000000d5a00000,0x00000000d5af2a68,0x00000000d5b80000)
  to   space 1536K, 0% used [0x00000000d5b80000,0x00000000d5b80000,0x00000000d5d00000)
 ParOldGen       total 161792K, used 161280K [0x0000000080000000, 0x0000000089e00000, 0x00000000d5580000)
  object space 161792K, 99% used [0x0000000080000000,0x0000000089d803a0,0x0000000089e00000)
 Metaspace       used 63729K, committed 65216K, reserved 1114112K
  class space    used 6547K, committed 7168K, reserved 1048576K
}
Event: 35.774 GC heap after
{Heap after GC invocations=75 (full 3):
 PSYoungGen      total 6144K, used 1321K [0x00000000d5580000, 0x00000000d5d00000, 0x0000000100000000)
  eden space 4608K, 0% used [0x00000000d5580000,0x00000000d5580000,0x00000000d5a00000)
  from space 1536K, 86% used [0x00000000d5b80000,0x00000000d5cca610,0x00000000d5d00000)
  to   space 1536K, 0% used [0x00000000d5a00000,0x00000000d5a00000,0x00000000d5b80000)
 ParOldGen       total 161792K, used 161690K [0x0000000080000000, 0x0000000089e00000, 0x00000000d5580000)
  object space 161792K, 99% used [0x0000000080000000,0x0000000089de6b10,0x0000000089e00000)
 Metaspace       used 63729K, committed 65216K, reserved 1114112K
  class space    used 6547K, committed 7168K, reserved 1048576K
}
Event: 35.864 GC heap before
{Heap before GC invocations=76 (full 3):
 PSYoungGen      total 6144K, used 5929K [0x00000000d5580000, 0x00000000d5d00000, 0x0000000100000000)
  eden space 4608K, 100% used [0x00000000d5580000,0x00000000d5a00000,0x00000000d5a00000)
  from space 1536K, 86% used [0x00000000d5b80000,0x00000000d5cca610,0x00000000d5d00000)
  to   space 1536K, 0% used [0x00000000d5a00000,0x00000000d5a00000,0x00000000d5b80000)
 ParOldGen       total 161792K, used 161690K [0x0000000080000000, 0x0000000089e00000, 0x00000000d5580000)
  object space 161792K, 99% used [0x0000000080000000,0x0000000089de6b10,0x0000000089e00000)
 Metaspace       used 63746K, committed 65216K, reserved 1114112K
  class space    used 6547K, committed 7168K, reserved 1048576K
}
Event: 35.866 GC heap after
{Heap after GC invocations=76 (full 3):
 PSYoungGen      total 6144K, used 1182K [0x00000000d5580000, 0x00000000d5d00000, 0x0000000100000000)
  eden space 4608K, 0% used [0x00000000d5580000,0x00000000d5580000,0x00000000d5a00000)
  from space 1536K, 76% used [0x00000000d5a00000,0x00000000d5b27a30,0x00000000d5b80000)
  to   space 1536K, 0% used [0x00000000d5b80000,0x00000000d5b80000,0x00000000d5d00000)
 ParOldGen       total 162304K, used 161956K [0x0000000080000000, 0x0000000089e80000, 0x00000000d5580000)
  object space 162304K, 99% used [0x0000000080000000,0x0000000089e29100,0x0000000089e80000)
 Metaspace       used 63746K, committed 65216K, reserved 1114112K
  class space    used 6547K, committed 7168K, reserved 1048576K
}
Event: 36.098 GC heap before
{Heap before GC invocations=77 (full 3):
 PSYoungGen      total 6144K, used 5790K [0x00000000d5580000, 0x00000000d5d00000, 0x0000000100000000)
  eden space 4608K, 100% used [0x00000000d5580000,0x00000000d5a00000,0x00000000d5a00000)
  from space 1536K, 76% used [0x00000000d5a00000,0x00000000d5b27a30,0x00000000d5b80000)
  to   space 1536K, 0% used [0x00000000d5b80000,0x00000000d5b80000,0x00000000d5d00000)
 ParOldGen       total 162304K, used 161956K [0x0000000080000000, 0x0000000089e80000, 0x00000000d5580000)
  object space 162304K, 99% used [0x0000000080000000,0x0000000089e29100,0x0000000089e80000)
 Metaspace       used 63788K, committed 65280K, reserved 1114112K
  class space    used 6549K, committed 7168K, reserved 1048576K
}
Event: 36.100 GC heap after
{Heap after GC invocations=77 (full 3):
 PSYoungGen      total 5632K, used 715K [0x00000000d5580000, 0x00000000d5c80000, 0x0000000100000000)
  eden space 4608K, 0% used [0x00000000d5580000,0x00000000d5580000,0x00000000d5a00000)
  from space 1024K, 69% used [0x00000000d5b80000,0x00000000d5c32fd0,0x00000000d5c80000)
  to   space 1024K, 0% used [0x00000000d5a80000,0x00000000d5a80000,0x00000000d5b80000)
 ParOldGen       total 162304K, used 162170K [0x0000000080000000, 0x0000000089e80000, 0x00000000d5580000)
  object space 162304K, 99% used [0x0000000080000000,0x0000000089e5eb10,0x0000000089e80000)
 Metaspace       used 63788K, committed 65280K, reserved 1114112K
  class space    used 6549K, committed 7168K, reserved 1048576K
}
Event: 36.302 GC heap before
{Heap before GC invocations=78 (full 3):
 PSYoungGen      total 5632K, used 5323K [0x00000000d5580000, 0x00000000d5c80000, 0x0000000100000000)
  eden space 4608K, 100% used [0x00000000d5580000,0x00000000d5a00000,0x00000000d5a00000)
  from space 1024K, 69% used [0x00000000d5b80000,0x00000000d5c32fd0,0x00000000d5c80000)
  to   space 1024K, 0% used [0x00000000d5a80000,0x00000000d5a80000,0x00000000d5b80000)
 ParOldGen       total 162304K, used 162170K [0x0000000080000000, 0x0000000089e80000, 0x00000000d5580000)
  object space 162304K, 99% used [0x0000000080000000,0x0000000089e5eb10,0x0000000089e80000)
 Metaspace       used 63798K, committed 65280K, reserved 1114112K
  class space    used 6549K, committed 7168K, reserved 1048576K
}
Event: 36.303 GC heap after
{Heap after GC invocations=78 (full 3):
 PSYoungGen      total 5632K, used 862K [0x00000000d5580000, 0x00000000d5c00000, 0x0000000100000000)
  eden space 4608K, 0% used [0x00000000d5580000,0x00000000d5580000,0x00000000d5a00000)
  from space 1024K, 84% used [0x00000000d5a80000,0x00000000d5b57990,0x00000000d5b80000)
  to   space 512K, 0% used [0x00000000d5b80000,0x00000000d5b80000,0x00000000d5c00000)
 ParOldGen       total 162816K, used 162478K [0x0000000080000000, 0x0000000089f00000, 0x00000000d5580000)
  object space 162816K, 99% used [0x0000000080000000,0x0000000089eabac0,0x0000000089f00000)
 Metaspace       used 63798K, committed 65280K, reserved 1114112K
  class space    used 6549K, committed 7168K, reserved 1048576K
}
Event: 13783.356 GC heap before
{Heap before GC invocations=79 (full 3):
 PSYoungGen      total 5632K, used 5470K [0x00000000d5580000, 0x00000000d5c00000, 0x0000000100000000)
  eden space 4608K, 100% used [0x00000000d5580000,0x00000000d5a00000,0x00000000d5a00000)
  from space 1024K, 84% used [0x00000000d5a80000,0x00000000d5b57990,0x00000000d5b80000)
  to   space 512K, 0% used [0x00000000d5b80000,0x00000000d5b80000,0x00000000d5c00000)
 ParOldGen       total 162816K, used 162478K [0x0000000080000000, 0x0000000089f00000, 0x00000000d5580000)
  object space 162816K, 99% used [0x0000000080000000,0x0000000089eabac0,0x0000000089f00000)
 Metaspace       used 63970K, committed 65408K, reserved 1114112K
  class space    used 6558K, committed 7168K, reserved 1048576K
}
Event: 13783.469 GC heap after
{Heap after GC invocations=79 (full 3):
 PSYoungGen      total 5120K, used 490K [0x00000000d5580000, 0x00000000d5c00000, 0x0000000100000000)
  eden space 4608K, 0% used [0x00000000d5580000,0x00000000d5580000,0x00000000d5a00000)
  from space 512K, 95% used [0x00000000d5b80000,0x00000000d5bfa968,0x00000000d5c00000)
  to   space 1024K, 0% used [0x00000000d5a00000,0x00000000d5a00000,0x00000000d5b00000)
 ParOldGen       total 163328K, used 162982K [0x0000000080000000, 0x0000000089f80000, 0x00000000d5580000)
  object space 163328K, 99% used [0x0000000080000000,0x0000000089f29850,0x0000000089f80000)
 Metaspace       used 63970K, committed 65408K, reserved 1114112K
  class space    used 6558K, committed 7168K, reserved 1048576K
}

