# JRE version: OpenJDK Runtime Environment Temurin-21.0.9+10 (21.0.9+10) (build 21.0.9+10-LTS)
# Java VM: OpenJDK 64-Bit Server VM Temurin-21.0.9+10 (21.0.9+10-LTS, mixed mode, sharing, tiered, compressed oops, compressed class ptrs, parallel gc, windows-amd64)
GC Precious Log:
 CardTable entry size: 512
 CPUs: 24 total, 24 available
 Memory: 31865M
 Large Page Support: Disabled
 NUMA Support: Disabled
 Compressed Oops: Enabled (32-bit)
 Alignments: Space 512K, Generation 512K, Heap 2M
 Heap Min Capacity: 100M
 Heap Initial Capacity: 100M
 Heap Max Capacity: 2G
 Pre-touch: Disabled
 Parallel Workers: 18
Heap:
 PSYoungGen      total 2560K, used 1761K [0x00000000d5580000, 0x00000000d5b00000, 0x0000000100000000)
  eden space 1536K, 48% used [0x00000000d5580000,0x00000000d5638748,0x00000000d5700000)
  from space 1024K, 100% used [0x00000000d5700000,0x00000000d5800000,0x00000000d5800000)
  to   space 2048K, 0% used [0x00000000d5900000,0x00000000d5900000,0x00000000d5b00000)
 ParOldGen       total 268288K, used 207937K [0x0000000080000000, 0x0000000090600000, 0x00000000d5580000)
  object space 268288K, 77% used [0x0000000080000000,0x000000008cb10618,0x0000000090600000)
 Metaspace       used 77580K, committed 79168K, reserved 1179648K
  class space    used 7829K, committed 8512K, reserved 1048576K
GC Heap History (20 events):
Event: 1633.465 GC heap before
{Heap before GC invocations=510 (full 4):
 PSYoungGen      total 3072K, used 3071K [0x00000000d5580000, 0x00000000d5a00000, 0x0000000100000000)
  eden space 2560K, 100% used [0x00000000d5580000,0x00000000d5800000,0x00000000d5800000)
  from space 512K, 99% used [0x00000000d5880000,0x00000000d58ffcc0,0x00000000d5900000)
  to   space 1024K, 0% used [0x00000000d5900000,0x00000000d5900000,0x00000000d5a00000)
 ParOldGen       total 268288K, used 199655K [0x0000000080000000, 0x0000000090600000, 0x00000000d5580000)
  object space 268288K, 74% used [0x0000000080000000,0x000000008c2f9d78,0x0000000090600000)
 Metaspace       used 77522K, committed 79104K, reserved 1179648K
  class space    used 7825K, committed 8512K, reserved 1048576K
}
Event: 1633.471 GC heap after
{Heap after GC invocations=510 (full 4):
 PSYoungGen      total 3584K, used 830K [0x00000000d5580000, 0x00000000d5a00000, 0x0000000100000000)
  eden space 2560K, 0% used [0x00000000d5580000,0x00000000d5580000,0x00000000d5800000)
  from space 1024K, 81% used [0x00000000d5900000,0x00000000d59cf9a0,0x00000000d5a00000)
  to   space 1024K, 0% used [0x00000000d5800000,0x00000000d5800000,0x00000000d5900000)
 ParOldGen       total 268288K, used 199862K [0x0000000080000000, 0x0000000090600000, 0x00000000d5580000)
  object space 268288K, 74% used [0x0000000080000000,0x000000008c32da38,0x0000000090600000)
 Metaspace       used 77522K, committed 79104K, reserved 1179648K
  class space    used 7825K, committed 8512K, reserved 1048576K
}
Event: 1633.523 GC heap before
{Heap before GC invocations=511 (full 4):
 PSYoungGen      total 3584K, used 3330K [0x00000000d5580000, 0x00000000d5a00000, 0x0000000100000000)
  eden space 2560K, 97% used [0x00000000d5580000,0x00000000d57f10f0,0x00000000d5800000)
  from space 1024K, 81% used [0x00000000d5900000,0x00000000d59cf9a0,0x00000000d5a00000)
  to   space 1024K, 0% used [0x00000000d5800000,0x00000000d5800000,0x00000000d5900000)
 ParOldGen       total 268288K, used 199862K [0x0000000080000000, 0x0000000090600000, 0x00000000d5580000)
  object space 268288K, 74% used [0x0000000080000000,0x000000008c32da38,0x0000000090600000)
 Metaspace       used 77528K, committed 79104K, reserved 1179648K
  class space    used 7826K, committed 8512K, reserved 1048576K
}
Event: 1633.525 GC heap after
{Heap after GC invocations=511 (full 4):
 PSYoungGen      total 3584K, used 1023K [0x00000000d5580000, 0x00000000d5c00000, 0x0000000100000000)
  eden space 2560K, 0% used [0x00000000d5580000,0x00000000d5580000,0x00000000d5800000)
  from space 1024K, 99% used [0x00000000d5800000,0x00000000d58ffcc0,0x00000000d5900000)
  to   space 2048K, 0% used [0x00000000d5a00000,0x00000000d5a00000,0x00000000d5c00000)
 ParOldGen       total 268288K, used 200431K [0x0000000080000000, 0x0000000090600000, 0x00000000d5580000)
  object space 268288K, 74% used [0x0000000080000000,0x000000008c3bbcb8,0x0000000090600000)
 Metaspace       used 77528K, committed 79104K, reserved 1179648K
  class space    used 7826K, committed 8512K, reserved 1048576K
}
Event: 1633.535 GC heap before
{Heap before GC invocations=512 (full 4):
 PSYoungGen      total 3584K, used 3583K [0x00000000d5580000, 0x00000000d5c00000, 0x0000000100000000)
  eden space 2560K, 99% used [0x00000000d5580000,0x00000000d57fffd0,0x00000000d5800000)
  from space 1024K, 99% used [0x00000000d5800000,0x00000000d58ffcc0,0x00000000d5900000)
  to   space 2048K, 0% used [0x00000000d5a00000,0x00000000d5a00000,0x00000000d5c00000)
 ParOldGen       total 268288K, used 200431K [0x0000000080000000, 0x0000000090600000, 0x00000000d5580000)
  object space 268288K, 74% used [0x0000000080000000,0x000000008c3bbcb8,0x0000000090600000)
 Metaspace       used 77532K, committed 79104K, reserved 1179648K
  class space    used 7826K, committed 8512K, reserved 1048576K
}
Event: 1633.538 GC heap after
{Heap after GC invocations=512 (full 4):
 PSYoungGen      total 2560K, used 2029K [0x00000000d5580000, 0x00000000d6000000, 0x0000000100000000)
  eden space 512K, 0% used [0x00000000d5580000,0x00000000d5580000,0x00000000d5600000)
  from space 2048K, 99% used [0x00000000d5a00000,0x00000000d5bfb650,0x00000000d5c00000)
  to   space 4096K, 0% used [0x00000000d5600000,0x00000000d5600000,0x00000000d5a00000)
 ParOldGen       total 268288K, used 201702K [0x0000000080000000, 0x0000000090600000, 0x00000000d5580000)
  object space 268288K, 75% used [0x0000000080000000,0x000000008c4f9978,0x0000000090600000)
 Metaspace       used 77532K, committed 79104K, reserved 1179648K
  class space    used 7826K, committed 8512K, reserved 1048576K
}
Event: 1633.540 GC heap before
{Heap before GC invocations=513 (full 4):
 PSYoungGen      total 2560K, used 2541K [0x00000000d5580000, 0x00000000d6000000, 0x0000000100000000)
  eden space 512K, 99% used [0x00000000d5580000,0x00000000d55fffc8,0x00000000d5600000)
  from space 2048K, 99% used [0x00000000d5a00000,0x00000000d5bfb650,0x00000000d5c00000)
  to   space 4096K, 0% used [0x00000000d5600000,0x00000000d5600000,0x00000000d5a00000)
 ParOldGen       total 268288K, used 201702K [0x0000000080000000, 0x0000000090600000, 0x00000000d5580000)
  object space 268288K, 75% used [0x0000000080000000,0x000000008c4f9978,0x0000000090600000)
 Metaspace       used 77532K, committed 79104K, reserved 1179648K
  class space    used 7826K, committed 8512K, reserved 1048576K
}
Event: 1633.543 GC heap after
{Heap after GC invocations=513 (full 4):
 PSYoungGen      total 1536K, used 608K [0x00000000d5580000, 0x00000000d5a80000, 0x0000000100000000)
  eden space 512K, 0% used [0x00000000d5580000,0x00000000d5580000,0x00000000d5600000)
  from space 1024K, 59% used [0x00000000d5600000,0x00000000d5698000,0x00000000d5700000)
  to   space 2048K, 0% used [0x00000000d5880000,0x00000000d5880000,0x00000000d5a80000)
 ParOldGen       total 268288K, used 203779K [0x0000000080000000, 0x0000000090600000, 0x00000000d5580000)
  object space 268288K, 75% used [0x0000000080000000,0x000000008c700fc8,0x0000000090600000)
 Metaspace       used 77532K, committed 79104K, reserved 1179648K
  class space    used 7826K, committed 8512K, reserved 1048576K
}
Event: 1633.544 GC heap before
{Heap before GC invocations=514 (full 4):
 PSYoungGen      total 1536K, used 1120K [0x00000000d5580000, 0x00000000d5a80000, 0x0000000100000000)
  eden space 512K, 100% used [0x00000000d5580000,0x00000000d5600000,0x00000000d5600000)
  from space 1024K, 59% used [0x00000000d5600000,0x00000000d5698000,0x00000000d5700000)
  to   space 2048K, 0% used [0x00000000d5880000,0x00000000d5880000,0x00000000d5a80000)
 ParOldGen       total 268288K, used 203779K [0x0000000080000000, 0x0000000090600000, 0x00000000d5580000)
  object space 268288K, 75% used [0x0000000080000000,0x000000008c700fc8,0x0000000090600000)
 Metaspace       used 77532K, committed 79104K, reserved 1179648K
  class space    used 7826K, committed 8512K, reserved 1048576K
}
Event: 1633.546 GC heap after
{Heap after GC invocations=514 (full 4):
 PSYoungGen      total 2048K, used 800K [0x00000000d5580000, 0x00000000d5980000, 0x0000000100000000)
  eden space 1024K, 0% used [0x00000000d5580000,0x00000000d5580000,0x00000000d5680000)
  from space 1024K, 78% used [0x00000000d5880000,0x00000000d5948000,0x00000000d5980000)
  to   space 1024K, 0% used [0x00000000d5780000,0x00000000d5780000,0x00000000d5880000)
 ParOldGen       total 268288K, used 204299K [0x0000000080000000, 0x0000000090600000, 0x00000000d5580000)
  object space 268288K, 76% used [0x0000000080000000,0x000000008c782fc8,0x0000000090600000)
 Metaspace       used 77532K, committed 79104K, reserved 1179648K
  class space    used 7826K, committed 8512K, reserved 1048576K
}
Event: 1633.567 GC heap before
{Heap before GC invocations=515 (full 4):
 PSYoungGen      total 2048K, used 1824K [0x00000000d5580000, 0x00000000d5980000, 0x0000000100000000)
  eden space 1024K, 100% used [0x00000000d5580000,0x00000000d5680000,0x00000000d5680000)
  from space 1024K, 78% used [0x00000000d5880000,0x00000000d5948000,0x00000000d5980000)
  to   space 1024K, 0% used [0x00000000d5780000,0x00000000d5780000,0x00000000d5880000)
 ParOldGen       total 268288K, used 204299K [0x0000000080000000, 0x0000000090600000, 0x00000000d5580000)
  object space 268288K, 76% used [0x0000000080000000,0x000000008c782fc8,0x0000000090600000)
 Metaspace       used 77532K, committed 79104K, reserved 1179648K
  class space    used 7826K, committed 8512K, reserved 1048576K
}
Event: 1633.570 GC heap after
{Heap after GC invocations=515 (full 4):
 PSYoungGen      total 2560K, used 672K [0x00000000d5580000, 0x00000000d5900000, 0x0000000100000000)
  eden space 1536K, 0% used [0x00000000d5580000,0x00000000d5580000,0x00000000d5700000)
  from space 1024K, 65% used [0x00000000d5780000,0x00000000d5828000,0x00000000d5880000)
  to   space 512K, 0% used [0x00000000d5880000,0x00000000d5880000,0x00000000d5900000)
 ParOldGen       total 268288K, used 204827K [0x0000000080000000, 0x0000000090600000, 0x00000000d5580000)
  object space 268288K, 76% used [0x0000000080000000,0x000000008c806fc8,0x0000000090600000)
 Metaspace       used 77532K, committed 79104K, reserved 1179648K
  class space    used 7826K, committed 8512K, reserved 1048576K
}
Event: 1633.581 GC heap before
{Heap before GC invocations=516 (full 4):
 PSYoungGen      total 2560K, used 2207K [0x00000000d5580000, 0x00000000d5900000, 0x0000000100000000)
  eden space 1536K, 99% used [0x00000000d5580000,0x00000000d56fffd8,0x00000000d5700000)
  from space 1024K, 65% used [0x00000000d5780000,0x00000000d5828000,0x00000000d5880000)
  to   space 512K, 0% used [0x00000000d5880000,0x00000000d5880000,0x00000000d5900000)
 ParOldGen       total 268288K, used 204827K [0x0000000080000000, 0x0000000090600000, 0x00000000d5580000)
  object space 268288K, 76% used [0x0000000080000000,0x000000008c806fc8,0x0000000090600000)
 Metaspace       used 77551K, committed 79168K, reserved 1179648K
  class space    used 7829K, committed 8512K, reserved 1048576K
}
Event: 1633.583 GC heap after
{Heap after GC invocations=516 (full 4):
 PSYoungGen      total 1024K, used 486K [0x00000000d5580000, 0x00000000d5c80000, 0x0000000100000000)
  eden space 512K, 0% used [0x00000000d5580000,0x00000000d5580000,0x00000000d5600000)
  from space 512K, 95% used [0x00000000d5880000,0x00000000d58f9b28,0x00000000d5900000)
  to   space 2560K, 0% used [0x00000000d5600000,0x00000000d5600000,0x00000000d5880000)
 ParOldGen       total 268288K, used 206234K [0x0000000080000000, 0x0000000090600000, 0x00000000d5580000)
  object space 268288K, 76% used [0x0000000080000000,0x000000008c966af0,0x0000000090600000)
 Metaspace       used 77551K, committed 79168K, reserved 1179648K
  class space    used 7829K, committed 8512K, reserved 1048576K
}
Event: 1633.584 GC heap before
{Heap before GC invocations=517 (full 4):
 PSYoungGen      total 1024K, used 998K [0x00000000d5580000, 0x00000000d5c80000, 0x0000000100000000)
  eden space 512K, 99% used [0x00000000d5580000,0x00000000d55fffa0,0x00000000d5600000)
  from space 512K, 95% used [0x00000000d5880000,0x00000000d58f9b28,0x00000000d5900000)
  to   space 2560K, 0% used [0x00000000d5600000,0x00000000d5600000,0x00000000d5880000)
 ParOldGen       total 268288K, used 206234K [0x0000000080000000, 0x0000000090600000, 0x00000000d5580000)
  object space 268288K, 76% used [0x0000000080000000,0x000000008c966af0,0x0000000090600000)
 Metaspace       used 77551K, committed 79168K, reserved 1179648K
  class space    used 7829K, committed 8512K, reserved 1048576K
}
Event: 1633.586 GC heap after
{Heap after GC invocations=517 (full 4):
 PSYoungGen      total 1536K, used 672K [0x00000000d5580000, 0x00000000d5980000, 0x0000000100000000)
  eden space 512K, 0% used [0x00000000d5580000,0x00000000d5580000,0x00000000d5600000)
  from space 1024K, 65% used [0x00000000d5600000,0x00000000d56a8000,0x00000000d5700000)
  to   space 1536K, 0% used [0x00000000d5800000,0x00000000d5800000,0x00000000d5980000)
 ParOldGen       total 268288K, used 206769K [0x0000000080000000, 0x0000000090600000, 0x00000000d5580000)
  object space 268288K, 77% used [0x0000000080000000,0x000000008c9ec618,0x0000000090600000)
 Metaspace       used 77551K, committed 79168K, reserved 1179648K
  class space    used 7829K, committed 8512K, reserved 1048576K
}
Event: 1633.587 GC heap before
{Heap before GC invocations=518 (full 4):
 PSYoungGen      total 1536K, used 1184K [0x00000000d5580000, 0x00000000d5980000, 0x0000000100000000)
  eden space 512K, 100% used [0x00000000d5580000,0x00000000d5600000,0x00000000d5600000)
  from space 1024K, 65% used [0x00000000d5600000,0x00000000d56a8000,0x00000000d5700000)
  to   space 1536K, 0% used [0x00000000d5800000,0x00000000d5800000,0x00000000d5980000)
 ParOldGen       total 268288K, used 206769K [0x0000000080000000, 0x0000000090600000, 0x00000000d5580000)
  object space 268288K, 77% used [0x0000000080000000,0x000000008c9ec618,0x0000000090600000)
 Metaspace       used 77551K, committed 79168K, reserved 1179648K
  class space    used 7829K, committed 8512K, reserved 1048576K
}
Event: 1633.589 GC heap after
{Heap after GC invocations=518 (full 4):
 PSYoungGen      total 2048K, used 800K [0x00000000d5580000, 0x00000000d5900000, 0x0000000100000000)
  eden space 1024K, 0% used [0x00000000d5580000,0x00000000d5580000,0x00000000d5680000)
  from space 1024K, 78% used [0x00000000d5800000,0x00000000d58c8000,0x00000000d5900000)
  to   space 1024K, 0% used [0x00000000d5700000,0x00000000d5700000,0x00000000d5800000)
 ParOldGen       total 268288K, used 207313K [0x0000000080000000, 0x0000000090600000, 0x00000000d5580000)
  object space 268288K, 77% used [0x0000000080000000,0x000000008ca74618,0x0000000090600000)
 Metaspace       used 77551K, committed 79168K, reserved 1179648K
  class space    used 7829K, committed 8512K, reserved 1048576K
}
Event: 1633.592 GC heap before
{Heap before GC invocations=519 (full 4):
 PSYoungGen      total 2048K, used 1823K [0x00000000d5580000, 0x00000000d5900000, 0x0000000100000000)
  eden space 1024K, 99% used [0x00000000d5580000,0x00000000d567fff0,0x00000000d5680000)
  from space 1024K, 78% used [0x00000000d5800000,0x00000000d58c8000,0x00000000d5900000)
  to   space 1024K, 0% used [0x00000000d5700000,0x00000000d5700000,0x00000000d5800000)
 ParOldGen       total 268288K, used 207313K [0x0000000080000000, 0x0000000090600000, 0x00000000d5580000)
  object space 268288K, 77% used [0x0000000080000000,0x000000008ca74618,0x0000000090600000)
 Metaspace       used 77551K, committed 79168K, reserved 1179648K
  class space    used 7829K, committed 8512K, reserved 1048576K
}
Event: 1633.596 GC heap after
{Heap after GC invocations=519 (full 4):
 PSYoungGen      total 2560K, used 1024K [0x00000000d5580000, 0x00000000d5b00000, 0x0000000100000000)
  eden space 1536K, 0% used [0x00000000d5580000,0x00000000d5580000,0x00000000d5700000)
  from space 1024K, 100% used [0x00000000d5700000,0x00000000d5800000,0x00000000d5800000)
  to   space 2048K, 0% used [0x00000000d5900000,0x00000000d5900000,0x00000000d5b00000)
 ParOldGen       total 268288K, used 207937K [0x0000000080000000, 0x0000000090600000, 0x00000000d5580000)
  object space 268288K, 77% used [0x0000000080000000,0x000000008cb10618,0x0000000090600000)
 Metaspace       used 77551K, committed 79168K, reserved 1179648K
  class space    used 7829K, committed 8512K, reserved 1048576K
}

