# JRE version: OpenJDK Runtime Environment Temurin-21.0.9+10 (21.0.9+10) (build 21.0.9+10-LTS)
# Java VM: OpenJDK 64-Bit Server VM Temurin-21.0.9+10 (21.0.9+10-LTS, mixed mode, sharing, tiered, compressed oops, compressed class ptrs, parallel gc, windows-amd64)
GC Precious Log:
 CardTable entry size: 512
 CPUs: 24 total, 24 available
 Memory: 31865M
 Large Page Support: Disabled
 NUMA Support: Disabled
 Compressed Oops: Enabled (32-bit)
 Alignments: Space 512K, Generation 512K, Heap 2M
 Heap Min Capacity: 100M
 Heap Initial Capacity: 100M
 Heap Max Capacity: 2G
 Pre-touch: Disabled
 Parallel Workers: 18
Heap:
 PSYoungGen      total 23040K, used 12783K [0x00000000d5580000, 0x00000000d6e00000, 0x0000000100000000)
  eden space 21504K, 53% used [0x00000000d5580000,0x00000000d60d3e60,0x00000000d6a80000)
  from space 1536K, 77% used [0x00000000d6a80000,0x00000000d6ba8000,0x00000000d6c00000)
  to   space 1536K, 0% used [0x00000000d6c80000,0x00000000d6c80000,0x00000000d6e00000)
 ParOldGen       total 68608K, used 39955K [0x0000000080000000, 0x0000000084300000, 0x00000000d5580000)
  object space 68608K, 58% used [0x0000000080000000,0x0000000082704f48,0x0000000084300000)
 Metaspace       used 52884K, committed 54016K, reserved 1114112K
  class space    used 5710K, committed 6208K, reserved 1048576K
GC Heap History (20 events):
Event: 7.847 GC heap before
{Heap before GC invocations=20 (full 2):
 PSYoungGen      total 24064K, used 23938K [0x00000000d5580000, 0x00000000d6f00000, 0x0000000100000000)
  eden space 22016K, 100% used [0x00000000d5580000,0x00000000d6b00000,0x00000000d6b00000)
  from space 2048K, 93% used [0x00000000d6c80000,0x00000000d6e60810,0x00000000d6e80000)
  to   space 512K, 0% used [0x00000000d6e80000,0x00000000d6e80000,0x00000000d6f00000)
 ParOldGen       total 68608K, used 23904K [0x0000000080000000, 0x0000000084300000, 0x00000000d5580000)
  object space 68608K, 34% used [0x0000000080000000,0x0000000081758220,0x0000000084300000)
 Metaspace       used 40477K, committed 41664K, reserved 1114112K
  class space    used 4226K, committed 4736K, reserved 1048576K
}
Event: 7.850 GC heap after
{Heap after GC invocations=20 (full 2):
 PSYoungGen      total 22016K, used 512K [0x00000000d5580000, 0x00000000d7300000, 0x0000000100000000)
  eden space 21504K, 0% used [0x00000000d5580000,0x00000000d5580000,0x00000000d6a80000)
  from space 512K, 100% used [0x00000000d6e80000,0x00000000d6f00000,0x00000000d6f00000)
  to   space 4096K, 0% used [0x00000000d6a80000,0x00000000d6a80000,0x00000000d6e80000)
 ParOldGen       total 68608K, used 27040K [0x0000000080000000, 0x0000000084300000, 0x00000000d5580000)
  object space 68608K, 39% used [0x0000000080000000,0x0000000081a68300,0x0000000084300000)
 Metaspace       used 40477K, committed 41664K, reserved 1114112K
  class space    used 4226K, committed 4736K, reserved 1048576K
}
Event: 7.913 GC heap before
{Heap before GC invocations=21 (full 2):
 PSYoungGen      total 22016K, used 22016K [0x00000000d5580000, 0x00000000d7300000, 0x0000000100000000)
  eden space 21504K, 100% used [0x00000000d5580000,0x00000000d6a80000,0x00000000d6a80000)
  from space 512K, 100% used [0x00000000d6e80000,0x00000000d6f00000,0x00000000d6f00000)
  to   space 4096K, 0% used [0x00000000d6a80000,0x00000000d6a80000,0x00000000d6e80000)
 ParOldGen       total 68608K, used 27040K [0x0000000080000000, 0x0000000084300000, 0x00000000d5580000)
  object space 68608K, 39% used [0x0000000080000000,0x0000000081a68300,0x0000000084300000)
 Metaspace       used 41036K, committed 42112K, reserved 1114112K
  class space    used 4289K, committed 4736K, reserved 1048576K
}
Event: 7.915 GC heap after
{Heap after GC invocations=21 (full 2):
 PSYoungGen      total 24064K, used 2302K [0x00000000d5580000, 0x00000000d7080000, 0x0000000100000000)
  eden space 21504K, 0% used [0x00000000d5580000,0x00000000d5580000,0x00000000d6a80000)
  from space 2560K, 89% used [0x00000000d6a80000,0x00000000d6cbf9a0,0x00000000d6d00000)
  to   space 3072K, 0% used [0x00000000d6d80000,0x00000000d6d80000,0x00000000d7080000)
 ParOldGen       total 68608K, used 27584K [0x0000000080000000, 0x0000000084300000, 0x00000000d5580000)
  object space 68608K, 40% used [0x0000000080000000,0x0000000081af0300,0x0000000084300000)
 Metaspace       used 41036K, committed 42112K, reserved 1114112K
  class space    used 4289K, committed 4736K, reserved 1048576K
}
Event: 7.977 GC heap before
{Heap before GC invocations=22 (full 2):
 PSYoungGen      total 24064K, used 23806K [0x00000000d5580000, 0x00000000d7080000, 0x0000000100000000)
  eden space 21504K, 100% used [0x00000000d5580000,0x00000000d6a80000,0x00000000d6a80000)
  from space 2560K, 89% used [0x00000000d6a80000,0x00000000d6cbf9a0,0x00000000d6d00000)
  to   space 3072K, 0% used [0x00000000d6d80000,0x00000000d6d80000,0x00000000d7080000)
 ParOldGen       total 68608K, used 27584K [0x0000000080000000, 0x0000000084300000, 0x00000000d5580000)
  object space 68608K, 40% used [0x0000000080000000,0x0000000081af0300,0x0000000084300000)
 Metaspace       used 41566K, committed 42752K, reserved 1114112K
  class space    used 4374K, committed 4864K, reserved 1048576K
}
Event: 7.982 GC heap after
{Heap after GC invocations=22 (full 2):
 PSYoungGen      total 24064K, used 2084K [0x00000000d5580000, 0x00000000d7000000, 0x0000000100000000)
  eden space 21504K, 0% used [0x00000000d5580000,0x00000000d5580000,0x00000000d6a80000)
  from space 2560K, 81% used [0x00000000d6d80000,0x00000000d6f89000,0x00000000d7000000)
  to   space 2560K, 0% used [0x00000000d6a80000,0x00000000d6a80000,0x00000000d6d00000)
 ParOldGen       total 68608K, used 29344K [0x0000000080000000, 0x0000000084300000, 0x00000000d5580000)
  object space 68608K, 42% used [0x0000000080000000,0x0000000081ca8130,0x0000000084300000)
 Metaspace       used 41566K, committed 42752K, reserved 1114112K
  class space    used 4374K, committed 4864K, reserved 1048576K
}
Event: 8.065 GC heap before
{Heap before GC invocations=23 (full 2):
 PSYoungGen      total 24064K, used 23565K [0x00000000d5580000, 0x00000000d7000000, 0x0000000100000000)
  eden space 21504K, 99% used [0x00000000d5580000,0x00000000d6a7a6c8,0x00000000d6a80000)
  from space 2560K, 81% used [0x00000000d6d80000,0x00000000d6f89000,0x00000000d7000000)
  to   space 2560K, 0% used [0x00000000d6a80000,0x00000000d6a80000,0x00000000d6d00000)
 ParOldGen       total 68608K, used 29344K [0x0000000080000000, 0x0000000084300000, 0x00000000d5580000)
  object space 68608K, 42% used [0x0000000080000000,0x0000000081ca8130,0x0000000084300000)
 Metaspace       used 42205K, committed 43264K, reserved 1114112K
  class space    used 4466K, committed 4928K, reserved 1048576K
}
Event: 8.069 GC heap after
{Heap after GC invocations=23 (full 2):
 PSYoungGen      total 24064K, used 2072K [0x00000000d5580000, 0x00000000d6f80000, 0x0000000100000000)
  eden space 21504K, 0% used [0x00000000d5580000,0x00000000d5580000,0x00000000d6a80000)
  from space 2560K, 80% used [0x00000000d6a80000,0x00000000d6c86100,0x00000000d6d00000)
  to   space 2560K, 0% used [0x00000000d6d00000,0x00000000d6d00000,0x00000000d6f80000)
 ParOldGen       total 68608K, used 31128K [0x0000000080000000, 0x0000000084300000, 0x00000000d5580000)
  object space 68608K, 45% used [0x0000000080000000,0x0000000081e66230,0x0000000084300000)
 Metaspace       used 42205K, committed 43264K, reserved 1114112K
  class space    used 4466K, committed 4928K, reserved 1048576K
}
Event: 8.153 GC heap before
{Heap before GC invocations=24 (full 2):
 PSYoungGen      total 24064K, used 23576K [0x00000000d5580000, 0x00000000d6f80000, 0x0000000100000000)
  eden space 21504K, 100% used [0x00000000d5580000,0x00000000d6a80000,0x00000000d6a80000)
  from space 2560K, 80% used [0x00000000d6a80000,0x00000000d6c86100,0x00000000d6d00000)
  to   space 2560K, 0% used [0x00000000d6d00000,0x00000000d6d00000,0x00000000d6f80000)
 ParOldGen       total 68608K, used 31128K [0x0000000080000000, 0x0000000084300000, 0x00000000d5580000)
  object space 68608K, 45% used [0x0000000080000000,0x0000000081e66230,0x0000000084300000)
 Metaspace       used 42674K, committed 43776K, reserved 1114112K
  class space    used 4523K, committed 4992K, reserved 1048576K
}
Event: 8.160 GC heap after
{Heap after GC invocations=24 (full 2):
 PSYoungGen      total 23552K, used 2019K [0x00000000d5580000, 0x00000000d6f00000, 0x0000000100000000)
  eden space 21504K, 0% used [0x00000000d5580000,0x00000000d5580000,0x00000000d6a80000)
  from space 2048K, 98% used [0x00000000d6d00000,0x00000000d6ef8d60,0x00000000d6f00000)
  to   space 2048K, 0% used [0x00000000d6b00000,0x00000000d6b00000,0x00000000d6d00000)
 ParOldGen       total 68608K, used 32864K [0x0000000080000000, 0x0000000084300000, 0x00000000d5580000)
  object space 68608K, 47% used [0x0000000080000000,0x0000000082018240,0x0000000084300000)
 Metaspace       used 42674K, committed 43776K, reserved 1114112K
  class space    used 4523K, committed 4992K, reserved 1048576K
}
Event: 8.293 GC heap before
{Heap before GC invocations=25 (full 2):
 PSYoungGen      total 23552K, used 23523K [0x00000000d5580000, 0x00000000d6f00000, 0x0000000100000000)
  eden space 21504K, 100% used [0x00000000d5580000,0x00000000d6a80000,0x00000000d6a80000)
  from space 2048K, 98% used [0x00000000d6d00000,0x00000000d6ef8d60,0x00000000d6f00000)
  to   space 2048K, 0% used [0x00000000d6b00000,0x00000000d6b00000,0x00000000d6d00000)
 ParOldGen       total 68608K, used 32864K [0x0000000080000000, 0x0000000084300000, 0x00000000d5580000)
  object space 68608K, 47% used [0x0000000080000000,0x0000000082018240,0x0000000084300000)
 Metaspace       used 43421K, committed 44608K, reserved 1114112K
  class space    used 4605K, committed 5120K, reserved 1048576K
}
Event: 8.297 GC heap after
{Heap after GC invocations=25 (full 2):
 PSYoungGen      total 23552K, used 1872K [0x00000000d5580000, 0x00000000d6e80000, 0x0000000100000000)
  eden space 21504K, 0% used [0x00000000d5580000,0x00000000d5580000,0x00000000d6a80000)
  from space 2048K, 91% used [0x00000000d6b00000,0x00000000d6cd4010,0x00000000d6d00000)
  to   space 1536K, 0% used [0x00000000d6d00000,0x00000000d6d00000,0x00000000d6e80000)
 ParOldGen       total 68608K, used 34553K [0x0000000080000000, 0x0000000084300000, 0x00000000d5580000)
  object space 68608K, 50% used [0x0000000080000000,0x00000000821be440,0x0000000084300000)
 Metaspace       used 43421K, committed 44608K, reserved 1114112K
  class space    used 4605K, committed 5120K, reserved 1048576K
}
Event: 8.573 GC heap before
{Heap before GC invocations=26 (full 2):
 PSYoungGen      total 23552K, used 23376K [0x00000000d5580000, 0x00000000d6e80000, 0x0000000100000000)
  eden space 21504K, 100% used [0x00000000d5580000,0x00000000d6a80000,0x00000000d6a80000)
  from space 2048K, 91% used [0x00000000d6b00000,0x00000000d6cd4010,0x00000000d6d00000)
  to   space 1536K, 0% used [0x00000000d6d00000,0x00000000d6d00000,0x00000000d6e80000)
 ParOldGen       total 68608K, used 34553K [0x0000000080000000, 0x0000000084300000, 0x00000000d5580000)
  object space 68608K, 50% used [0x0000000080000000,0x00000000821be440,0x0000000084300000)
 Metaspace       used 45687K, committed 46784K, reserved 1114112K
  class space    used 4824K, committed 5312K, reserved 1048576K
}
Event: 8.577 GC heap after
{Heap after GC invocations=26 (full 2):
 PSYoungGen      total 23040K, used 1136K [0x00000000d5580000, 0x00000000d6e80000, 0x0000000100000000)
  eden space 21504K, 0% used [0x00000000d5580000,0x00000000d5580000,0x00000000d6a80000)
  from space 1536K, 73% used [0x00000000d6d00000,0x00000000d6e1c010,0x00000000d6e80000)
  to   space 1536K, 0% used [0x00000000d6b80000,0x00000000d6b80000,0x00000000d6d00000)
 ParOldGen       total 68608K, used 36025K [0x0000000080000000, 0x0000000084300000, 0x00000000d5580000)
  object space 68608K, 52% used [0x0000000080000000,0x000000008232e450,0x0000000084300000)
 Metaspace       used 45687K, committed 46784K, reserved 1114112K
  class space    used 4824K, committed 5312K, reserved 1048576K
}
Event: 8.957 GC heap before
{Heap before GC invocations=27 (full 2):
 PSYoungGen      total 23040K, used 22640K [0x00000000d5580000, 0x00000000d6e80000, 0x0000000100000000)
  eden space 21504K, 100% used [0x00000000d5580000,0x00000000d6a80000,0x00000000d6a80000)
  from space 1536K, 73% used [0x00000000d6d00000,0x00000000d6e1c010,0x00000000d6e80000)
  to   space 1536K, 0% used [0x00000000d6b80000,0x00000000d6b80000,0x00000000d6d00000)
 ParOldGen       total 68608K, used 36025K [0x0000000080000000, 0x0000000084300000, 0x00000000d5580000)
  object space 68608K, 52% used [0x0000000080000000,0x000000008232e450,0x0000000084300000)
 Metaspace       used 48362K, committed 49536K, reserved 1114112K
  class space    used 5150K, committed 5632K, reserved 1048576K
}
Event: 8.961 GC heap after
{Heap after GC invocations=27 (full 2):
 PSYoungGen      total 23040K, used 1534K [0x00000000d5580000, 0x00000000d7080000, 0x0000000100000000)
  eden space 21504K, 0% used [0x00000000d5580000,0x00000000d5580000,0x00000000d6a80000)
  from space 1536K, 99% used [0x00000000d6b80000,0x00000000d6cffa08,0x00000000d6d00000)
  to   space 3072K, 0% used [0x00000000d6d80000,0x00000000d6d80000,0x00000000d7080000)
 ParOldGen       total 68608K, used 37071K [0x0000000080000000, 0x0000000084300000, 0x00000000d5580000)
  object space 68608K, 54% used [0x0000000080000000,0x0000000082433c50,0x0000000084300000)
 Metaspace       used 48362K, committed 49536K, reserved 1114112K
  class space    used 5150K, committed 5632K, reserved 1048576K
}
Event: 9.639 GC heap before
{Heap before GC invocations=28 (full 2):
 PSYoungGen      total 23040K, used 23038K [0x00000000d5580000, 0x00000000d7080000, 0x0000000100000000)
  eden space 21504K, 100% used [0x00000000d5580000,0x00000000d6a80000,0x00000000d6a80000)
  from space 1536K, 99% used [0x00000000d6b80000,0x00000000d6cffa08,0x00000000d6d00000)
  to   space 3072K, 0% used [0x00000000d6d80000,0x00000000d6d80000,0x00000000d7080000)
 ParOldGen       total 68608K, used 37071K [0x0000000080000000, 0x0000000084300000, 0x00000000d5580000)
  object space 68608K, 54% used [0x0000000080000000,0x0000000082433c50,0x0000000084300000)
 Metaspace       used 50005K, committed 51136K, reserved 1114112K
  class space    used 5342K, committed 5824K, reserved 1048576K
}
Event: 9.642 GC heap after
{Heap after GC invocations=28 (full 2):
 PSYoungGen      total 23552K, used 2000K [0x00000000d5580000, 0x00000000d6f80000, 0x0000000100000000)
  eden space 21504K, 0% used [0x00000000d5580000,0x00000000d5580000,0x00000000d6a80000)
  from space 2048K, 97% used [0x00000000d6d80000,0x00000000d6f74028,0x00000000d6f80000)
  to   space 2560K, 0% used [0x00000000d6a80000,0x00000000d6a80000,0x00000000d6d00000)
 ParOldGen       total 68608K, used 38227K [0x0000000080000000, 0x0000000084300000, 0x00000000d5580000)
  object space 68608K, 55% used [0x0000000080000000,0x0000000082554ef0,0x0000000084300000)
 Metaspace       used 50005K, committed 51136K, reserved 1114112K
  class space    used 5342K, committed 5824K, reserved 1048576K
}
Event: 10.187 GC heap before
{Heap before GC invocations=29 (full 2):
 PSYoungGen      total 23552K, used 23504K [0x00000000d5580000, 0x00000000d6f80000, 0x0000000100000000)
  eden space 21504K, 100% used [0x00000000d5580000,0x00000000d6a80000,0x00000000d6a80000)
  from space 2048K, 97% used [0x00000000d6d80000,0x00000000d6f74028,0x00000000d6f80000)
  to   space 2560K, 0% used [0x00000000d6a80000,0x00000000d6a80000,0x00000000d6d00000)
 ParOldGen       total 68608K, used 38227K [0x0000000080000000, 0x0000000084300000, 0x00000000d5580000)
  object space 68608K, 55% used [0x0000000080000000,0x0000000082554ef0,0x0000000084300000)
 Metaspace       used 51669K, committed 52864K, reserved 1114112K
  class space    used 5549K, committed 6080K, reserved 1048576K
}
Event: 10.190 GC heap after
{Heap after GC invocations=29 (full 2):
 PSYoungGen      total 23040K, used 1184K [0x00000000d5580000, 0x00000000d6e00000, 0x0000000100000000)
  eden space 21504K, 0% used [0x00000000d5580000,0x00000000d5580000,0x00000000d6a80000)
  from space 1536K, 77% used [0x00000000d6a80000,0x00000000d6ba8000,0x00000000d6c00000)
  to   space 1536K, 0% used [0x00000000d6c80000,0x00000000d6c80000,0x00000000d6e00000)
 ParOldGen       total 68608K, used 39955K [0x0000000080000000, 0x0000000084300000, 0x00000000d5580000)
  object space 68608K, 58% used [0x0000000080000000,0x0000000082704f48,0x0000000084300000)
 Metaspace       used 51669K, committed 52864K, reserved 1114112K
  class space    used 5549K, committed 6080K, reserved 1048576K
}

